<?xml version="1.0" encoding="UTF-8"?>
<!-- Generated by org.testng.reporters.JUnitReportReporter -->
<testsuite hostname="Pradnya-Nandrekar" failures="0" tests="2" name="ECommerce_TestCases.TestCase04" time="39.636" errors="0" timestamp="2024-12-03T20:44:29 IST" skipped="1">
  <testcase classname="ECommerce_TestCases.TestCase04" name="Edit_info_from_LoginSecurity" time="26.003"/>
  <system-out>
    <![CDATA[Test Started
Test Passed successfuly]]>
  </system-out>
  <testcase classname="ECommerce_TestCases.TestCase04" name="Edit_info_from_LoginSecurity" time="13.633">
    <skipped/>
  </testcase> <!-- Edit_info_from_LoginSecurity -->
  <system-out>
    <![CDATA[Test Started]]>
  </system-out>
</testsuite> <!-- ECommerce_TestCases.TestCase04 -->
