<?xml version="1.0" encoding="UTF-8"?>
<!-- Generated by org.testng.reporters.JUnitReportReporter -->
<testsuite hostname="Pradnya-Nandrekar" failures="0" tests="3" name="ECommerce_TestCases.TestCase03" time="51.212" errors="0" timestamp="2024-12-03T20:44:29 IST" skipped="1">
  <testcase classname="ECommerce_TestCases.TestCase03" name="SignIn_Invalid_UN" time="13.225">
    <skipped/>
  </testcase> <!-- SignIn_Invalid_UN -->
  <system-out>
    <![CDATA[Test Started]]>
  </system-out>
  <testcase classname="ECommerce_TestCases.TestCase03" name="SignIn_Invalid_UN" time="19.905"/>
  <system-out>
    <![CDATA[Test Started
Incorrect phone number
We cannot find an account with that mobile number
Test Passed successfuly]]>
  </system-out>
  <testcase classname="ECommerce_TestCases.TestCase03" name="SignIn_Invalid_Password" time="18.082"/>
  <system-out>
    <![CDATA[Test Started
There was a problem
Your password is incorrect
Test Passed successfuly]]>
  </system-out>
</testsuite> <!-- ECommerce_TestCases.TestCase03 -->
