<?xml version="1.0" encoding="UTF-8"?>
<!-- Generated by org.testng.reporters.JUnitReportReporter -->
<testsuite hostname="Pradnya-Nandrekar" failures="0" tests="1" name="ECommerce_TestCases.TestCase11_trial" time="83.773" errors="0" timestamp="2025-01-31T18:02:32 IST" skipped="0">
  <testcase classname="ECommerce_TestCases.TestCase11_trial" name="CheckOutProcess" time="83.773"/>
  <system-out>
    <![CDATA[Test Started
Test Passed successfuly]]>
  </system-out>
</testsuite> <!-- ECommerce_TestCases.TestCase11_trial -->
