<?xml version="1.0" encoding="UTF-8"?>
<!-- Generated by org.testng.reporters.JUnitReportReporter -->
<testsuite hostname="Pradnya-Nandrekar" failures="0" tests="2" name="ECommerce_TestCases.TestCase02" time="39.856" errors="0" timestamp="2025-01-31T14:49:19 IST" skipped="1">
  <testcase classname="ECommerce_TestCases.TestCase02" name="SignIn" time="16.127"/>
  <system-out>
    <![CDATA[Test Started
Logged In Successfully
Test Passed successfuly]]>
  </system-out>
  <testcase classname="ECommerce_TestCases.TestCase02" name="SignIn" time="23.729">
    <skipped/>
  </testcase> <!-- SignIn -->
  <system-out>
    <![CDATA[Test Started]]>
  </system-out>
</testsuite> <!-- ECommerce_TestCases.TestCase02 -->
