<?xml version="1.0" encoding="UTF-8"?>
<!-- Generated by org.testng.reporters.JUnitReportReporter -->
<testsuite hostname="Pradnya-Nandrekar" failures="0" tests="1" name="ECommerce_TestCases.TestCase10" time="54.497" errors="0" timestamp="2025-01-31T15:19:06 IST" skipped="0">
  <testcase classname="ECommerce_TestCases.TestCase10" name="cartUpdateTest" time="54.497"/>
  <system-out>
    <![CDATA[Test Started
Test Passed successfuly]]>
  </system-out>
</testsuite> <!-- ECommerce_TestCases.TestCase10 -->
