<?xml version="1.0" encoding="UTF-8"?>
<!-- Generated by org.testng.reporters.JUnitReportReporter -->
<testsuite hostname="Pradnya-Nandrekar" failures="0" tests="1" name="ECommerce_TestCases.TestCase12" time="64.743" errors="0" timestamp="2025-01-31T17:26:33 IST" skipped="0">
  <testcase classname="ECommerce_TestCases.TestCase12" name="PaymentMethod_Selection" time="64.743"/>
  <system-out>
    <![CDATA[Test Started
Test Passed successfuly]]>
  </system-out>
</testsuite> <!-- ECommerce_TestCases.TestCase12 -->
