<?xml version="1.0" encoding="UTF-8"?>
<!-- Generated by org.testng.reporters.JUnitReportReporter -->
<testsuite hostname="Pradnya-Nandrekar" failures="0" tests="1" name="ECommerce_TestCases.TestCase05" time="13.956" errors="0" timestamp="2025-02-10T21:02:25 IST" skipped="0">
  <testcase classname="ECommerce_TestCases.TestCase05" name="SearchProduct_Test" time="13.956"/>
  <system-out>
    <![CDATA[Test Started
Test Passed successfuly]]>
  </system-out>
</testsuite> <!-- ECommerce_TestCases.TestCase05 -->
