<?xml version="1.0" encoding="UTF-8"?>
<!-- Generated by org.testng.reporters.JUnitReportReporter -->
<testsuite hostname="Pradnya-Nandrekar" failures="0" tests="1" name="ECommerce_TestCases.TestCase15" time="18.520" errors="0" timestamp="2024-11-17T14:45:00 IST" skipped="0">
  <testcase classname="ECommerce_TestCases.TestCase15" name="Reach_To_Cart_Test" time="18.520"/>
  <system-out/>
</testsuite> <!-- ECommerce_TestCases.TestCase15 -->
