<?xml version="1.0" encoding="UTF-8"?>
<!-- Generated by org.testng.reporters.JUnitReportReporter -->
<testsuite hostname="Pradnya-Nandrekar" failures="0" tests="1" name="ECommerce_TestCases.TestCase01" time="29.106" errors="0" timestamp="2024-11-19T20:41:28 IST" skipped="0">
  <testcase classname="ECommerce_TestCases.TestCase01" name="User_Registration_Test" time="29.106"/>
  <system-out/>
</testsuite> <!-- ECommerce_TestCases.TestCase01 -->
