<?xml version="1.0" encoding="UTF-8"?>
<!-- Generated by org.testng.reporters.JUnitReportReporter -->
<testsuite hostname="Pradnya-Nandrekar" failures="0" tests="1" name="ECommerce_TestCases.TestCase02" time="7.351" errors="0" timestamp="2025-02-10T21:02:25 IST" skipped="0">
  <testcase classname="ECommerce_TestCases.TestCase02" name="SignIn" time="7.351"/>
  <system-out>
    <![CDATA[Test Started
Logged In Successfully
Test Passed successfuly]]>
  </system-out>
</testsuite> <!-- ECommerce_TestCases.TestCase02 -->
