<?xml version="1.0" encoding="UTF-8"?>
<!-- Generated by org.testng.reporters.JUnitReportReporter -->
<testsuite hostname="Pradnya-Nandrekar" failures="0" tests="1" name="ECommerce_TestCases.TestCase11_trial" time="47.229" errors="0" timestamp="2024-12-08T21:48:03 IST" skipped="0">
  <testcase classname="ECommerce_TestCases.TestCase11_trial" name="CheckOutProcess" time="47.229"/>
  <system-out>
    <![CDATA[Test Started
Test Passed successfuly]]>
  </system-out>
</testsuite> <!-- ECommerce_TestCases.TestCase11_trial -->
