<?xml version="1.0" encoding="UTF-8"?>
<!-- Generated by org.testng.reporters.JUnitReportReporter -->
<testsuite hostname="Pradnya-Nandrekar" failures="0" tests="3" name="ECommerce_TestCases.TestCase09" time="47.375" errors="0" timestamp="2025-01-31T15:12:26 IST" skipped="2">
  <testcase classname="ECommerce_TestCases.TestCase09" name="AddToCartTest_ProdctDeatils_Pg" time="25.257">
    <skipped/>
  </testcase> <!-- AddToCartTest_ProdctDeatils_Pg -->
  <system-out>
    <![CDATA[Test Started]]>
  </system-out>
  <testcase classname="ECommerce_TestCases.TestCase09" name="AddToCartTest_ProdctDeatils_Pg" time="22.118"/>
  <system-out>
    <![CDATA[Test Started
Test Passed successfuly]]>
  </system-out>
  <testcase classname="ECommerce_TestCases.TestCase09" name="AddToCartTest_ProdctList_Pg">
    <skipped/>
  </testcase> <!-- AddToCartTest_ProdctList_Pg -->
  <system-out/>
</testsuite> <!-- ECommerce_TestCases.TestCase09 -->
