<?xml version="1.0" encoding="UTF-8"?>
<!-- Generated by org.testng.reporters.JUnitReportReporter -->
<testsuite hostname="Pradnya-Nandrekar" failures="0" tests="3" name="ECommerce_TestCases.TestCase06" time="58.073" errors="1" timestamp="2024-12-03T17:23:55 IST" skipped="2">
  <testcase classname="ECommerce_TestCases.TestCase06" name="searching_Wt_Filters" time="39.095">
    <skipped/>
  </testcase> <!-- searching_Wt_Filters -->
  <system-out>
    <![CDATA[Test Started]]>
  </system-out>
  <testcase classname="ECommerce_TestCases.TestCase06" name="searching_Wt_Filters" time="18.978">
    <error message="element click intercepted: Element &lt;a data-routing=&quot;&quot; aria-label=&quot;Apply the filter Cello to narrow results&quot; class=&quot;a-link-normal s-navigation-item&quot; href=&quot;/s?k=Pen&amp;amp;rh=n%3A2454172031%2Cp_123%3A494621&amp;amp;dc&amp;amp;qid=1733226831&amp;amp;rnid=91049095031&amp;amp;ref=sr_nr_p_123_3&amp;amp;ds=v1%3APs0KesnjDsvRDXCP3tARbsNS1LCG0AQ3%2FbHTS9i%2Bs7E&quot; role=&quot;link&quot;&gt;...&lt;/a&gt; is not clickable at point (48, 458). Other element would receive the click: &lt;span class=&quot;a-size-base a-color-base&quot;&gt;...&lt;/span&gt;
  (Session info: chrome=131.0.6778.86)
Build info: version: &#039;4.25.0&#039;, revision: &#039;8a8aea2337&#039;
System info: os.name: &#039;Windows 11&#039;, os.arch: &#039;amd64&#039;, os.version: &#039;10.0&#039;, java.version: &#039;22.0.1&#039;
Driver info: org.openqa.selenium.chrome.ChromeDriver
Command: [7da39d158a62bc453f8be745eda9ede8, clickElement {id=f.3981423C3794902C283BADF38D93881C.d.A5B59B0C24C10CDFF3EF74C056ADB432.e.342}]
Capabilities {acceptInsecureCerts: false, browserName: chrome, browserVersion: 131.0.6778.86, chrome: {chromedriverVersion: 131.0.6778.85 (3d81e41b6f3a..., userDataDir: C:\WINDOWS\SystemTemp\scope...}, fedcm:accounts: true, goog:chromeOptions: {debuggerAddress: localhost:53963}, networkConnectionEnabled: false, pageLoadStrategy: normal, platformName: windows, proxy: Proxy(), se:cdp: ws://localhost:53963/devtoo..., se:cdpVersion: 131.0.6778.86, setWindowRect: true, strictFileInteractability: false, timeouts: {implicit: 0, pageLoad: 300000, script: 30000}, unhandledPromptBehavior: dismiss and notify, webauthn:extension:credBlob: true, webauthn:extension:largeBlob: true, webauthn:extension:minPinLength: true, webauthn:extension:prf: true, webauthn:virtualAuthenticators: true}
Element: [[ChromeDriver: chrome on windows (7da39d158a62bc453f8be745eda9ede8)] -&gt; xpath: //div[@id=&#039;s-refinements&#039;]/div/div[@id=&#039;brandsRefinements&#039;]/ul/span/span/li/span/a]
Session ID: 7da39d158a62bc453f8be745eda9ede8" type="org.openqa.selenium.ElementClickInterceptedException">
      <![CDATA[org.openqa.selenium.ElementClickInterceptedException: element click intercepted: Element <a data-routing="" aria-label="Apply the filter Cello to narrow results" class="a-link-normal s-navigation-item" href="/s?k=Pen&amp;rh=n%3A2454172031%2Cp_123%3A494621&amp;dc&amp;qid=1733226831&amp;rnid=91049095031&amp;ref=sr_nr_p_123_3&amp;ds=v1%3APs0KesnjDsvRDXCP3tARbsNS1LCG0AQ3%2FbHTS9i%2Bs7E" role="link">...</a> is not clickable at point (48, 458). Other element would receive the click: <span class="a-size-base a-color-base">...</span>
  (Session info: chrome=131.0.6778.86)
Build info: version: '4.25.0', revision: '8a8aea2337'
System info: os.name: 'Windows 11', os.arch: 'amd64', os.version: '10.0', java.version: '22.0.1'
Driver info: org.openqa.selenium.chrome.ChromeDriver
Command: [7da39d158a62bc453f8be745eda9ede8, clickElement {id=f.3981423C3794902C283BADF38D93881C.d.A5B59B0C24C10CDFF3EF74C056ADB432.e.342}]
Capabilities {acceptInsecureCerts: false, browserName: chrome, browserVersion: 131.0.6778.86, chrome: {chromedriverVersion: 131.0.6778.85 (3d81e41b6f3a..., userDataDir: C:\WINDOWS\SystemTemp\scope...}, fedcm:accounts: true, goog:chromeOptions: {debuggerAddress: localhost:53963}, networkConnectionEnabled: false, pageLoadStrategy: normal, platformName: windows, proxy: Proxy(), se:cdp: ws://localhost:53963/devtoo..., se:cdpVersion: 131.0.6778.86, setWindowRect: true, strictFileInteractability: false, timeouts: {implicit: 0, pageLoad: 300000, script: 30000}, unhandledPromptBehavior: dismiss and notify, webauthn:extension:credBlob: true, webauthn:extension:largeBlob: true, webauthn:extension:minPinLength: true, webauthn:extension:prf: true, webauthn:virtualAuthenticators: true}
Element: [[ChromeDriver: chrome on windows (7da39d158a62bc453f8be745eda9ede8)] -> xpath: //div[@id='s-refinements']/div/div[@id='brandsRefinements']/ul/span/span/li/span/a]
Session ID: 7da39d158a62bc453f8be745eda9ede8
at java.base/jdk.internal.reflect.DirectConstructorHandleAccessor.newInstance(DirectConstructorHandleAccessor.java:62)
at java.base/java.lang.reflect.Constructor.newInstanceWithCaller(Constructor.java:502)
at java.base/java.lang.reflect.Constructor.newInstance(Constructor.java:486)
at org.openqa.selenium.remote.ErrorCodec.decode(ErrorCodec.java:167)
at org.openqa.selenium.remote.codec.w3c.W3CHttpResponseCodec.decode(W3CHttpResponseCodec.java:138)
at org.openqa.selenium.remote.codec.w3c.W3CHttpResponseCodec.decode(W3CHttpResponseCodec.java:50)
at org.openqa.selenium.remote.HttpCommandExecutor.execute(HttpCommandExecutor.java:190)
at org.openqa.selenium.remote.service.DriverCommandExecutor.invokeExecute(DriverCommandExecutor.java:216)
at org.openqa.selenium.remote.service.DriverCommandExecutor.execute(DriverCommandExecutor.java:174)
at org.openqa.selenium.remote.RemoteWebDriver.execute(RemoteWebDriver.java:545)
at org.openqa.selenium.remote.RemoteWebElement.execute(RemoteWebElement.java:223)
at org.openqa.selenium.remote.RemoteWebElement.click(RemoteWebElement.java:76)
at ECommerce_Source.Product_ListPage.Fltr_By_Brand_Shoe(Product_ListPage.java:130)
at ECommerce_TestCases.TestCase06.searching_Wt_Filters(TestCase06.java:48)
at java.base/jdk.internal.reflect.DirectMethodHandleAccessor.invoke(DirectMethodHandleAccessor.java:103)
at java.base/java.lang.reflect.Method.invoke(Method.java:580)
at org.testng.internal.MethodInvocationHelper.invokeMethod(MethodInvocationHelper.java:133)
at org.testng.internal.TestInvoker.invokeMethod(TestInvoker.java:598)
at org.testng.internal.TestInvoker.retryFailed(TestInvoker.java:213)
at org.testng.internal.MethodRunner.runInSequence(MethodRunner.java:58)
at org.testng.internal.TestInvoker$MethodInvocationAgent.invoke(TestInvoker.java:824)
at org.testng.internal.TestInvoker.invokeTestMethods(TestInvoker.java:146)
at org.testng.internal.TestMethodWorker.invokeTestMethods(TestMethodWorker.java:146)
at org.testng.internal.TestMethodWorker.run(TestMethodWorker.java:128)
at java.base/java.util.ArrayList.forEach(ArrayList.java:1597)
at org.testng.TestRunner.privateRun(TestRunner.java:794)
at org.testng.TestRunner.run(TestRunner.java:596)
at org.testng.SuiteRunner.runTest(SuiteRunner.java:377)
at org.testng.SuiteRunner.access$000(SuiteRunner.java:28)
at org.testng.SuiteRunner$SuiteWorker.run(SuiteRunner.java:418)
at org.testng.internal.thread.ThreadUtil.lambda$execute$0(ThreadUtil.java:64)
at java.base/java.util.concurrent.FutureTask.run(FutureTask.java:317)
at java.base/java.util.concurrent.ThreadPoolExecutor.runWorker(ThreadPoolExecutor.java:1144)
at java.base/java.util.concurrent.ThreadPoolExecutor$Worker.run(ThreadPoolExecutor.java:642)
at java.base/java.lang.Thread.run(Thread.java:1570)
]]>
    </error>
  </testcase> <!-- searching_Wt_Filters -->
  <system-out>
    <![CDATA[Test Started]]>
  </system-out>
  <testcase classname="ECommerce_TestCases.TestCase06" name="searching_Wt_Price">
    <skipped/>
  </testcase> <!-- searching_Wt_Price -->
  <system-out/>
</testsuite> <!-- ECommerce_TestCases.TestCase06 -->
