<?xml version="1.0" encoding="UTF-8"?>
<!-- Generated by org.testng.reporters.JUnitReportReporter -->
<testsuite hostname="Pradnya-Nandrekar" failures="0" tests="2" name="ECommerce_TestCases.TestCase14" time="37.910" errors="0" timestamp="2024-12-06T23:28:12 IST" skipped="1">
  <testcase classname="ECommerce_TestCases.TestCase14" name="WriteReviews" time="20.139">
    <skipped/>
  </testcase> <!-- WriteReviews -->
  <system-out>
    <![CDATA[Test Started]]>
  </system-out>
  <testcase classname="ECommerce_TestCases.TestCase14" name="WriteReviews" time="17.771"/>
  <system-out>
    <![CDATA[Test Started
Test Passed successfuly]]>
  </system-out>
</testsuite> <!-- ECommerce_TestCases.TestCase14 -->
