<?xml version="1.0" encoding="UTF-8"?>
<!-- Generated by org.testng.reporters.JUnitReportReporter -->
<testsuite hostname="Pradnya-Nandrekar" failures="0" tests="2" name="ECommerce_TestCases.TestCase01" time="44.090" errors="0" timestamp="2024-12-03T20:44:29 IST" skipped="1">
  <testcase classname="ECommerce_TestCases.TestCase01" name="User_Registration_Test" time="14.381"/>
  <system-out>
    <![CDATA[Test Started
Test Passed successfuly]]>
  </system-out>
  <testcase classname="ECommerce_TestCases.TestCase01" name="User_Registration_Test" time="29.709">
    <skipped/>
  </testcase> <!-- User_Registration_Test -->
  <system-out>
    <![CDATA[Test Started]]>
  </system-out>
</testsuite> <!-- ECommerce_TestCases.TestCase01 -->
