<?xml version="1.0" encoding="UTF-8"?>
<!-- Generated by org.testng.reporters.JUnitReportReporter -->
<testsuite hostname="Pradnya-Nandrekar" failures="0" tests="1" name="ECommerce_TestCases.TestCase10" time="70.563" errors="0" timestamp="2024-11-20T02:27:51 IST" skipped="0">
  <testcase classname="ECommerce_TestCases.TestCase10" name="cartUpdateTest" time="70.563"/>
  <system-out/>
</testsuite> <!-- ECommerce_TestCases.TestCase10 -->
