<?xml version="1.0" encoding="UTF-8"?>
<!-- Generated by org.testng.reporters.JUnitReportReporter -->
<testsuite hostname="Pradnya-Nandrekar" failures="0" tests="1" name="ECommerce_TestCases.TestCase01" time="40.015" errors="0" timestamp="2024-12-04T13:47:07 IST" skipped="0">
  <testcase classname="ECommerce_TestCases.TestCase01" name="User_Registration_Test" time="40.015"/>
  <system-out>
    <![CDATA[Test Started
Test Passed successfuly]]>
  </system-out>
</testsuite> <!-- ECommerce_TestCases.TestCase01 -->
