<?xml version="1.0" encoding="UTF-8"?>
<!-- Generated by org.testng.reporters.JUnitReportReporter -->
<testsuite hostname="Pradnya-Nandrekar" failures="0" tests="2" name="ECommerce_TestCases.TestCase09" time="20.904" errors="0" timestamp="2025-02-10T21:02:25 IST" skipped="1">
  <testcase classname="ECommerce_TestCases.TestCase09" name="AddToCartTest_ProdctDeatils_Pg" time="20.904"/>
  <system-out>
    <![CDATA[Test Started
Test Passed successfuly]]>
  </system-out>
  <testcase classname="ECommerce_TestCases.TestCase09" name="AddToCartTest_ProdctList_Pg">
    <skipped/>
  </testcase> <!-- AddToCartTest_ProdctList_Pg -->
  <system-out/>
</testsuite> <!-- ECommerce_TestCases.TestCase09 -->
