<?xml version="1.0" encoding="UTF-8"?>
<!-- Generated by org.testng.reporters.JUnitReportReporter -->
<testsuite hostname="Pradnya-Nandrekar" failures="0" tests="1" name="ECommerce_TestCases.TestCase15" time="35.634" errors="0" timestamp="2024-12-03T20:44:29 IST" skipped="0">
  <testcase classname="ECommerce_TestCases.TestCase15" name="Reach_To_Cart_Test" time="35.634"/>
  <system-out>
    <![CDATA[Test Started
Test Passed successfuly]]>
  </system-out>
</testsuite> <!-- ECommerce_TestCases.TestCase15 -->
