<?xml version="1.0" encoding="UTF-8"?>
<!-- Generated by org.testng.reporters.JUnitReportReporter -->
<testsuite hostname="Pradnya-Nandrekar" failures="0" tests="1" name="ECommerce_TestCases.TestCase13" time="49.327" errors="0" timestamp="2025-02-11T13:20:09 IST" skipped="0">
  <testcase classname="ECommerce_TestCases.TestCase13" name="CheckOutProcess_Enter_PromoCode" time="49.327"/>
  <system-out>
    <![CDATA[Test Started
Test Passed successfuly]]>
  </system-out>
</testsuite> <!-- ECommerce_TestCases.TestCase13 -->
