<?xml version="1.0" encoding="UTF-8"?>
<!-- Generated by org.testng.reporters.JUnitReportReporter -->
<testsuite hostname="Pradnya-Nandrekar" failures="0" tests="2" name="ECommerce_TestCases.TestCase13" time="49.645" errors="0" timestamp="2024-12-07T17:46:22 IST" skipped="1">
  <testcase classname="ECommerce_TestCases.TestCase13" name="CheckOutProcess_Enter_PromoCode" time="19.237">
    <skipped/>
  </testcase> <!-- CheckOutProcess_Enter_PromoCode -->
  <system-out>
    <![CDATA[Test Started]]>
  </system-out>
  <testcase classname="ECommerce_TestCases.TestCase13" name="CheckOutProcess_Enter_PromoCode" time="30.408"/>
  <system-out>
    <![CDATA[Test Started
Test Passed successfuly]]>
  </system-out>
</testsuite> <!-- ECommerce_TestCases.TestCase13 -->
