<?xml version="1.0" encoding="UTF-8"?>
<!-- Generated by org.testng.reporters.JUnitReportReporter -->
<testsuite hostname="Pradnya-Nandrekar" failures="0" tests="2" name="ECommerce_TestCases.TestCase03" time="11.662" errors="0" timestamp="2025-02-10T21:02:25 IST" skipped="0">
  <testcase classname="ECommerce_TestCases.TestCase03" name="SignIn_Invalid_Password" time="6.546"/>
  <system-out>
    <![CDATA[Test Started
There was a problem
Your password is incorrect
Test Passed successfuly]]>
  </system-out>
  <testcase classname="ECommerce_TestCases.TestCase03" name="SignIn_Invalid_UN" time="5.116"/>
  <system-out>
    <![CDATA[Test Started
Test Passed successfuly]]>
  </system-out>
</testsuite> <!-- ECommerce_TestCases.TestCase03 -->
