<?xml version="1.0" encoding="UTF-8"?>
<!-- Generated by org.testng.reporters.JUnitReportReporter -->
<testsuite hostname="Pradnya-Nandrekar" failures="0" tests="2" name="ECommerce_TestCases.TestCase03" time="13.059" errors="0" timestamp="2024-12-06T23:28:12 IST" skipped="0">
  <testcase classname="ECommerce_TestCases.TestCase03" name="SignIn_Invalid_UN" time="5.898"/>
  <system-out>
    <![CDATA[Test Started
Incorrect phone number
We cannot find an account with that mobile number
Test Passed successfuly]]>
  </system-out>
  <testcase classname="ECommerce_TestCases.TestCase03" name="SignIn_Invalid_Password" time="7.161"/>
  <system-out>
    <![CDATA[Test Started
There was a problem
Your password is incorrect
Test Passed successfuly]]>
  </system-out>
</testsuite> <!-- ECommerce_TestCases.TestCase03 -->
