<?xml version="1.0" encoding="UTF-8"?>
<!-- Generated by org.testng.reporters.JUnitReportReporter -->
<testsuite hostname="Pradnya-Nandrekar" failures="0" tests="1" name="ECommerce_TestCases.TestCase07" time="21.473" errors="0" timestamp="2025-01-31T15:07:31 IST" skipped="0">
  <testcase classname="ECommerce_TestCases.TestCase07" name="product_Info" time="21.473"/>
  <system-out>
    <![CDATA[Test Started
All Product Details are present
Test Passed successfuly]]>
  </system-out>
</testsuite> <!-- ECommerce_TestCases.TestCase07 -->
