<?xml version="1.0" encoding="UTF-8"?>
<!-- Generated by org.testng.reporters.JUnitReportReporter -->
<testsuite hostname="Pradnya-Nandrekar" failures="0" tests="1" name="ECommerce_TestCases.TestCase02" time="21.752" errors="0" timestamp="2024-12-03T20:44:29 IST" skipped="0">
  <testcase classname="ECommerce_TestCases.TestCase02" name="SignIn" time="21.752"/>
  <system-out>
    <![CDATA[Test Started
Logged In Successfully
Test Passed successfuly]]>
  </system-out>
</testsuite> <!-- ECommerce_TestCases.TestCase02 -->
