<?xml version="1.0" encoding="UTF-8"?>
<!-- Generated by org.testng.reporters.JUnitReportReporter -->
<testsuite hostname="Pradnya-Nandrekar" failures="0" tests="1" name="ECommerce_TestCases.TestCase03" time="28.479" errors="0" timestamp="2024-11-16T19:24:36 IST" skipped="0">
  <testcase classname="ECommerce_TestCases.TestCase03" name="SignIn_Invalid_UN" time="28.479"/>
  <system-out>
    <![CDATA[Enter your password]]>
  </system-out>
</testsuite> <!-- ECommerce_TestCases.TestCase03 -->
