<?xml version="1.0" encoding="UTF-8"?>
<!-- Generated by org.testng.reporters.JUnitReportReporter -->
<testsuite hostname="Pradnya-Nandrekar" failures="0" tests="1" name="ECommerce_TestCases.TestCase14" time="43.711" errors="0" timestamp="2024-11-28T21:40:44 IST" skipped="0">
  <testcase classname="ECommerce_TestCases.TestCase14" name="WriteReviews" time="43.711"/>
  <system-out>
    <![CDATA[Test Started
Test Passed successfuly]]>
  </system-out>
</testsuite> <!-- ECommerce_TestCases.TestCase14 -->
