<?xml version="1.0" encoding="UTF-8"?>
<!-- Generated by org.testng.reporters.JUnitReportReporter -->
<testsuite hostname="Pradnya-Nandrekar" failures="0" tests="1" name="ECommerce_TestCases.TestCase06" time="28.239" errors="0" timestamp="2025-02-10T21:02:25 IST" skipped="0">
  <testcase classname="ECommerce_TestCases.TestCase06" name="searching_Wt_Filters" time="28.239"/>
  <system-out>
    <![CDATA[Test Started
----------- Filter By Brand Test Pass -----------
Test Passed successfuly]]>
  </system-out>
</testsuite> <!-- ECommerce_TestCases.TestCase06 -->
