<?xml version="1.0" encoding="UTF-8"?>
<!-- Generated by org.testng.reporters.JUnitReportReporter -->
<testsuite hostname="Pradnya-Nandrekar" failures="0" tests="2" name="ECommerce_TestCases.TestCase13" time="118.189" errors="0" timestamp="2025-02-11T13:23:14 IST" skipped="1">
  <testcase classname="ECommerce_TestCases.TestCase13" name="CheckOutProcess_Enter_PromoCode" time="52.315">
    <system-out>
      <![CDATA[Test Started
Test Passed successfuly]]>
    </system-out>
  </testcase> <!-- CheckOutProcess_Enter_PromoCode -->
  <testcase classname="ECommerce_TestCases.TestCase13" name="CheckOutProcess_Enter_PromoCode" time="65.874">
    <skipped/>
    <system-out>
      <![CDATA[Test Started]]>
    </system-out>
  </testcase> <!-- CheckOutProcess_Enter_PromoCode -->
  <system-out>
    <![CDATA[Test Started
Test Started
Test Passed successfuly]]>
  </system-out>
</testsuite> <!-- ECommerce_TestCases.TestCase13 -->
