<?xml version="1.0" encoding="UTF-8"?>
<!-- Generated by org.testng.reporters.JUnitReportReporter -->
<testsuite hostname="Pradnya-Nandrekar" failures="0" tests="3" name="ECommerce_TestCases.TestCase03" time="43.957" errors="0" timestamp="2025-02-10T21:24:58 IST" skipped="1">
  <testcase classname="ECommerce_TestCases.TestCase03" name="SignIn_Invalid_UN" time="18.564">
    <skipped/>
    <system-out>
      <![CDATA[Test Started]]>
    </system-out>
  </testcase> <!-- SignIn_Invalid_UN -->
  <testcase classname="ECommerce_TestCases.TestCase03" name="SignIn_Invalid_Password" time="14.570">
    <system-out>
      <![CDATA[Test Started
There was a problem
Your password is incorrect
Test Passed successfuly]]>
    </system-out>
  </testcase> <!-- SignIn_Invalid_Password -->
  <testcase classname="ECommerce_TestCases.TestCase03" name="SignIn_Invalid_UN" time="10.823">
    <system-out>
      <![CDATA[Test Started
Test Passed successfuly]]>
    </system-out>
  </testcase> <!-- SignIn_Invalid_UN -->
  <system-out>
    <![CDATA[Test Started
Test Passed successfuly
Test Started
TestCase Failed
Test Started
Test Started
TestCase Failed
Test Started
There was a problem
Your password is incorrect
Test Passed successfuly
Test Started
Test Started
Test Passed successfuly
Test Started
Test Passed successfuly
Test Started
Test Passed successfuly
Test Started
----------- Filter By Brand Test Pass -----------
Test Started
----------- Filter By Brand Test Pass -----------
Test Passed successfuly
Test Started
All Product Details are present
Test Passed successfuly
Test Started
Test Started
Test Passed successfuly
Test Started
Test Passed successfuly
Test Started
Test Passed successfuly
Test Started
Test Passed successfuly
Test Started
Test Passed successfuly
Test Started
Test Passed successfuly
Test Started
Test Passed successfuly]]>
  </system-out>
</testsuite> <!-- ECommerce_TestCases.TestCase03 -->
