<?xml version="1.0" encoding="UTF-8"?>
<!-- Generated by org.testng.reporters.JUnitReportReporter -->
<testsuite hostname="Pradnya-Nandrekar" failures="0" tests="2" name="ECommerce_TestCases.TestCase03" time="57.026" errors="0" timestamp="2024-11-21T19:47:46 IST" skipped="0">
  <testcase classname="ECommerce_TestCases.TestCase03" name="SignIn_Invalid_UN" time="31.957">
    <system-out>
      <![CDATA[Test Started
Enter your password]]>
    </system-out>
  </testcase> <!-- SignIn_Invalid_UN -->
  <testcase classname="ECommerce_TestCases.TestCase03" name="SignIn_Invalid_UN" time="25.069">
    <system-out>
      <![CDATA[Test Started
Enter your password]]>
    </system-out>
  </testcase> <!-- SignIn_Invalid_UN -->
  <system-out>
    <![CDATA[Test Started
Logged In Successfully
Test Started
Enter your password
Test Started
Logged In Successfully
Test Started
Enter your password]]>
  </system-out>
</testsuite> <!-- ECommerce_TestCases.TestCase03 -->
