<?xml version="1.0" encoding="UTF-8"?>
<!-- Generated by org.testng.reporters.JUnitReportReporter -->
<testsuite hostname="Pradnya-Nandrekar" failures="0" tests="1" name="ECommerce_TestCases.TestCase01" time="23.395" errors="0" timestamp="2024-11-19T21:26:58 IST" skipped="0">
  <testcase classname="ECommerce_TestCases.TestCase01" name="User_Registration_Test" time="23.395"/>
</testsuite> <!-- ECommerce_TestCases.TestCase01 -->
