<?xml version="1.0" encoding="UTF-8"?>
<!-- Generated by org.testng.reporters.JUnitReportReporter -->
<testsuite hostname="Pradnya-Nandrekar" failures="0" tests="2" name="ECommerce_TestCases.TestCase02" time="49.765" errors="0" timestamp="2024-11-21T19:47:46 IST" skipped="0">
  <testcase classname="ECommerce_TestCases.TestCase02" name="SignIn" time="22.507">
    <system-out>
      <![CDATA[Test Started
Logged In Successfully]]>
    </system-out>
  </testcase> <!-- SignIn -->
  <testcase classname="ECommerce_TestCases.TestCase02" name="SignIn" time="27.258">
    <system-out>
      <![CDATA[Test Started
Logged In Successfully]]>
    </system-out>
  </testcase> <!-- SignIn -->
  <system-out>
    <![CDATA[Test Started
Logged In Successfully
Test Started
Enter your password
Test Started
Logged In Successfully
Test Started
Enter your password]]>
  </system-out>
</testsuite> <!-- ECommerce_TestCases.TestCase02 -->
