<?xml version="1.0" encoding="UTF-8"?>
<!-- Generated by org.testng.reporters.JUnitReportReporter -->
<testsuite hostname="Pradnya-Nandrekar" failures="0" tests="1" name="ECommerce_TestCases.TestCase07" time="29.535" errors="0" timestamp="2024-11-20T18:44:11 IST" skipped="0">
  <testcase classname="ECommerce_TestCases.TestCase07" name="product_Info" time="29.535">
    <system-out>
      <![CDATA[Prodcut discription is present
Product Price is present
Product Reviews is present]]>
    </system-out>
  </testcase> <!-- product_Info -->
  <system-out>
    <![CDATA[Prodcut discription is present
Product Price is present
Product Reviews is present]]>
  </system-out>
</testsuite> <!-- ECommerce_TestCases.TestCase07 -->
