<?xml version="1.0" encoding="UTF-8"?>
<!-- Generated by org.testng.reporters.JUnitReportReporter -->
<testsuite hostname="Pradnya-Nandrekar" failures="0" tests="1" name="ECommerce_TestCases.TestCase04" time="23.115" errors="0" timestamp="2024-12-11T18:05:27 IST" skipped="0">
  <testcase classname="ECommerce_TestCases.TestCase04" name="Edit_info_from_LoginSecurity" time="23.115">
    <system-out>
      <![CDATA[Test Started
Test Passed successfuly]]>
    </system-out>
  </testcase> <!-- Edit_info_from_LoginSecurity -->
  <system-out>
    <![CDATA[Test Started
Test Started
TestCase Failed
Test Started
TestCase Failed
Test Started
TestCase Failed
Test Started
Logged In Successfully
Test Passed successfuly
Test Started
There was a problem
Your password is incorrect
Test Passed successfuly
Test Started
Incorrect phone number
We cannot find an account with that mobile number
Test Passed successfuly
Test Started
Test Passed successfuly
Test Started
Test Passed successfuly
Test Started
----------- Filter By Brand Test Pass -----------
Test Started
----------- Filter By Brand Test Pass -----------
TestCase Failed
Test Started
All Product Details are present
Test Passed successfuly
Test Started
Test Passed successfuly
Test Started
Test Started
Test Passed successfuly
Test Started
Test Passed successfuly
Test Started
Test Passed successfuly
Test Started
Test Passed successfuly
Test Started
Test Passed successfuly
Test Started
Test Passed successfuly]]>
  </system-out>
</testsuite> <!-- ECommerce_TestCases.TestCase04 -->
